Using pre-set license
Built from '2020.2/release' branch; Version is '2020.2.1f1 (270dd8c3da1c) revision 2559448'; Using compiler version '192528614'; Build Type 'Release'
OS: 'Windows 10  (10.0.0) 64bit' Language: 'en' Physical Memory: 8092 MB
BatchMode: 1, IsHumanControllingUs: 0, StartBugReporterOnCrash: 0, Is64bit: 1, IsPro: 0

 COMMAND LINE ARGUMENTS:
H:\Unity\Unity\2020.2.1f1\Editor\Unity.exe
-adb2
-batchMode
-noUpm
-name
AssetImportWorker0
-projectPath
H:/Unity/Unity Projects/Roller Madness
-logFile
Logs/AssetImportWorker0.log
-srvPort
63301
Successfully changed project path to: H:/Unity/Unity Projects/Roller Madness
H:/Unity/Unity Projects/Roller Madness
Using Asset Import Pipeline V2.
Refreshing native plugins compatible for Editor in 29.40 ms, found 0 plugins.
Preloading 0 native plugins for Editor in 0.00 ms.
Initialize engine version: 2020.2.1f1 (270dd8c3da1c)
[Subsystems] Discovering subsystems at path H:/Unity/Unity/2020.2.1f1/Editor/Data/Resources/UnitySubsystems
[Subsystems] Discovering subsystems at path H:/Unity/Unity Projects/Roller Madness/Assets
GfxDevice: creating device client; threaded=0
Direct3D:
    Version:  Direct3D 11.0 [level 11.0]
    Renderer: NVIDIA GeForce 940MX (ID=0x134d)
    Vendor:   
    VRAM:     4065 MB
    Driver:   22.21.13.8264
Initialize mono
Mono path[0] = 'H:/Unity/Unity/2020.2.1f1/Editor/Data/Managed'
Mono path[1] = 'H:/Unity/Unity/2020.2.1f1/Editor/Data/MonoBleedingEdge/lib/mono/unityjit'
Mono config path = 'H:/Unity/Unity/2020.2.1f1/Editor/Data/MonoBleedingEdge/etc'
Using monoOptions --debugger-agent=transport=dt_socket,embedding=1,server=y,suspend=n,address=127.0.0.1:56592
Begin MonoManager ReloadAssembly
Registering precompiled unity dll's ...
Register platform support module: H:/Unity/Unity/2020.2.1f1/Editor/Data/PlaybackEngines/WebGLSupport/UnityEditor.WebGL.Extensions.dll
Register platform support module: H:/Unity/Unity/2020.2.1f1/Editor/Data/PlaybackEngines/MacStandaloneSupport/UnityEditor.OSXStandalone.Extensions.dll
Register platform support module: H:/Unity/Unity/2020.2.1f1/Editor/Data/PlaybackEngines/WindowsStandaloneSupport/UnityEditor.WindowsStandalone.Extensions.dll
Register platform support module: H:/Unity/Unity/2020.2.1f1/Editor/Data/PlaybackEngines/LinuxStandaloneSupport/UnityEditor.LinuxStandalone.Extensions.dll
Register platform support module: H:/Unity/Unity/2020.2.1f1/Editor/Data/PlaybackEngines/LuminSupport/UnityEditor.Lumin.Extensions.dll
Registered in 0.002258 seconds.
Native extension for Lumin target not found
Native extension for LinuxStandalone target not found
Native extension for WindowsStandalone target not found
Native extension for OSXStandalone target not found
Native extension for WebGL target not found
Refreshing native plugins compatible for Editor in 30.32 ms, found 0 plugins.
Preloading 0 native plugins for Editor in 0.00 ms.
Invoked RoslynAnalysisRunner static constructor.
RoslynAnalysisRunner will not be running.
RoslynAnalysisRunner has terminated.
Mono: successfully reloaded assembly
- Completed reload, in  1.272 seconds
Platform modules already initialized, skipping
Registering precompiled user dll's ...
Registered in 0.000715 seconds.
Begin MonoManager ReloadAssembly
Native extension for Lumin target not found
Native extension for LinuxStandalone target not found
Native extension for WindowsStandalone target not found
Native extension for OSXStandalone target not found
Native extension for WebGL target not found
Refreshing native plugins compatible for Editor in 0.25 ms, found 0 plugins.
Preloading 0 native plugins for Editor in 0.00 ms.
Invoked RoslynAnalysisRunner static constructor.
RoslynAnalysisRunner will not be running.
RoslynAnalysisRunner has terminated.
Mono: successfully reloaded assembly
- Completed reload, in  1.100 seconds
Platform modules already initialized, skipping
========================================================================
Worker process is ready to serve import requests
Launched and connected shader compiler UnityShaderCompiler.exe after 0.16 seconds
Refreshing native plugins compatible for Editor in 0.25 ms, found 0 plugins.
Preloading 0 native plugins for Editor in 0.00 ms.
Unloading 1166 Unused Serialized files (Serialized files now loaded: 0)
System memory in use before: 131.2 MB.
System memory in use after: 131.3 MB.

Unloading 10 unused Assets to reduce memory usage. Loaded Objects now: 1612.
Total: 2.053300 ms (FindLiveObjects: 0.230700 ms CreateObjectMapping: 0.146000 ms MarkObjects: 1.608600 ms  DeleteObjects: 0.066600 ms)

========================================================================
Received Import Request.
  path: Assets/Prefabs/Wall 1.prefab
  artifactKey: Guid(6d8c8fdd21fb2f64f99fa2c8dda9e0a1) Importer(815301076,1909f56bfc062723c751e8b465ee728b)
Start importing Assets/Prefabs/Wall 1.prefab using Guid(6d8c8fdd21fb2f64f99fa2c8dda9e0a1) Importer(815301076,1909f56bfc062723c751e8b465ee728b)  -> (artifact id: 'f6754cdd64a76d94ceea444f6190f248') in 0.261900 seconds
  Import took 0.305986 seconds .

========================================================================
Received Import Request.
  Time since last request: 18.649283 seconds.
  path: Assets/Prefabs/Big Wall.prefab
  artifactKey: Guid(6d8c8fdd21fb2f64f99fa2c8dda9e0a1) Importer(815301076,1909f56bfc062723c751e8b465ee728b)
Start importing Assets/Prefabs/Big Wall.prefab using Guid(6d8c8fdd21fb2f64f99fa2c8dda9e0a1) Importer(815301076,1909f56bfc062723c751e8b465ee728b)  -> (artifact id: 'e2eeacc7597abe6cde51adafa3e263f7') in 0.039512 seconds
  Import took 0.061850 seconds .

========================================================================
Received Import Request.
  Time since last request: 19.222129 seconds.
  path: Assets/Prefabs/Wall 3.prefab
  artifactKey: Guid(485c42a2bb048cd429af5acff5525186) Importer(815301076,1909f56bfc062723c751e8b465ee728b)
Start importing Assets/Prefabs/Wall 3.prefab using Guid(485c42a2bb048cd429af5acff5525186) Importer(815301076,1909f56bfc062723c751e8b465ee728b)  -> (artifact id: 'db3a35b80d02e0414143474a60e74063') in 0.033209 seconds
  Import took 0.047634 seconds .

========================================================================
Received Import Request.
  Time since last request: 0.008848 seconds.
  path: Assets/Prefabs/Wall 3.prefab
  artifactKey: Guid(485c42a2bb048cd429af5acff5525186) Importer(815301076,1909f56bfc062723c751e8b465ee728b)
Start importing Assets/Prefabs/Wall 3.prefab using Guid(485c42a2bb048cd429af5acff5525186) Importer(815301076,1909f56bfc062723c751e8b465ee728b)  -> (artifact id: 'db3a35b80d02e0414143474a60e74063') in 0.014463 seconds
  Import took 0.018070 seconds .

========================================================================
Received Import Request.
  Time since last request: 11.230616 seconds.
  path: Assets/Prefabs/Small Wall.prefab
  artifactKey: Guid(485c42a2bb048cd429af5acff5525186) Importer(815301076,1909f56bfc062723c751e8b465ee728b)
Start importing Assets/Prefabs/Small Wall.prefab using Guid(485c42a2bb048cd429af5acff5525186) Importer(815301076,1909f56bfc062723c751e8b465ee728b)  -> (artifact id: '59944aea04736f8f1bd1cc0cb79d37cc') in 0.034020 seconds
  Import took 0.058765 seconds .

========================================================================
Received Import Request.
  Time since last request: 0.001064 seconds.
  path: Assets/Prefabs/Small Wall.prefab
  artifactKey: Guid(485c42a2bb048cd429af5acff5525186) Importer(815301076,1909f56bfc062723c751e8b465ee728b)
Start importing Assets/Prefabs/Small Wall.prefab using Guid(485c42a2bb048cd429af5acff5525186) Importer(815301076,1909f56bfc062723c751e8b465ee728b)  -> (artifact id: '59944aea04736f8f1bd1cc0cb79d37cc') in 0.025250 seconds
  Import took 0.028330 seconds .

========================================================================
Received Import Request.
  Time since last request: 298.848154 seconds.
  path: Assets/Prefabs/Ramp 1.prefab
  artifactKey: Guid(3b502085c7a93f54398adb052a0a8cfe) Importer(815301076,1909f56bfc062723c751e8b465ee728b)
Start importing Assets/Prefabs/Ramp 1.prefab using Guid(3b502085c7a93f54398adb052a0a8cfe) Importer(815301076,1909f56bfc062723c751e8b465ee728b)  -> (artifact id: 'f8b3d43de4d9cb20e9dc4100f58b6ccf') in 0.055549 seconds
  Import took 0.111193 seconds .

========================================================================
Received Import Request.
  Time since last request: 16.044093 seconds.
  path: Assets/Prefabs/Ramp.prefab
  artifactKey: Guid(3b502085c7a93f54398adb052a0a8cfe) Importer(815301076,1909f56bfc062723c751e8b465ee728b)
Start importing Assets/Prefabs/Ramp.prefab using Guid(3b502085c7a93f54398adb052a0a8cfe) Importer(815301076,1909f56bfc062723c751e8b465ee728b)  -> (artifact id: '7f60414cd6077f34aebac867ae5c7791') in 0.046058 seconds
  Import took 0.068620 seconds .

========================================================================
Received Import Request.
  Time since last request: 0.010010 seconds.
  path: Assets/Prefabs/Ramp.prefab
  artifactKey: Guid(3b502085c7a93f54398adb052a0a8cfe) Importer(815301076,1909f56bfc062723c751e8b465ee728b)
Start importing Assets/Prefabs/Ramp.prefab using Guid(3b502085c7a93f54398adb052a0a8cfe) Importer(815301076,1909f56bfc062723c751e8b465ee728b)  -> (artifact id: '7f60414cd6077f34aebac867ae5c7791') in 0.023678 seconds
  Import took 0.026393 seconds .

========================================================================
Received Import Request.
  Time since last request: 103.235183 seconds.
  path: Assets/Prefabs/Platform 1.prefab
  artifactKey: Guid(cd5e394738316cd4b8c6bc19808bd342) Importer(815301076,1909f56bfc062723c751e8b465ee728b)
Start importing Assets/Prefabs/Platform 1.prefab using Guid(cd5e394738316cd4b8c6bc19808bd342) Importer(815301076,1909f56bfc062723c751e8b465ee728b)  -> (artifact id: '1113bd8e8ea0d6f6bc6e0a293d067286') in 0.035501 seconds
  Import took 0.049711 seconds .

========================================================================
Received Import Request.
  Time since last request: 0.004841 seconds.
  path: Assets/Prefabs/Platform 1.prefab
  artifactKey: Guid(cd5e394738316cd4b8c6bc19808bd342) Importer(815301076,1909f56bfc062723c751e8b465ee728b)
Start importing Assets/Prefabs/Platform 1.prefab using Guid(cd5e394738316cd4b8c6bc19808bd342) Importer(815301076,1909f56bfc062723c751e8b465ee728b)  -> (artifact id: '1113bd8e8ea0d6f6bc6e0a293d067286') in 0.013608 seconds
  Import took 0.017123 seconds .

========================================================================
Received Import Request.
  Time since last request: 6.593673 seconds.
  path: Assets/Prefabs/Platform.prefab
  artifactKey: Guid(cd5e394738316cd4b8c6bc19808bd342) Importer(815301076,1909f56bfc062723c751e8b465ee728b)
Start importing Assets/Prefabs/Platform.prefab using Guid(cd5e394738316cd4b8c6bc19808bd342) Importer(815301076,1909f56bfc062723c751e8b465ee728b)  -> (artifact id: '48e3fe68204cbe8aef3cce5042ff1429') in 0.032832 seconds
  Import took 0.043469 seconds .

========================================================================
Received Import Request.
  Time since last request: 0.014924 seconds.
  path: Assets/Prefabs/Platform.prefab
  artifactKey: Guid(cd5e394738316cd4b8c6bc19808bd342) Importer(815301076,1909f56bfc062723c751e8b465ee728b)
Start importing Assets/Prefabs/Platform.prefab using Guid(cd5e394738316cd4b8c6bc19808bd342) Importer(815301076,1909f56bfc062723c751e8b465ee728b)  -> (artifact id: '48e3fe68204cbe8aef3cce5042ff1429') in 0.026048 seconds
  Import took 0.029308 seconds .

========================================================================
Received Prepare
Registering precompiled user dll's ...
Registered in 0.000738 seconds.
Begin MonoManager ReloadAssembly
Native extension for Lumin target not found
Native extension for LinuxStandalone target not found
Native extension for WindowsStandalone target not found
Native extension for OSXStandalone target not found
Native extension for WebGL target not found
Refreshing native plugins compatible for Editor in 0.28 ms, found 0 plugins.
Preloading 0 native plugins for Editor in 0.00 ms.
Invoked RoslynAnalysisRunner static constructor.
RoslynAnalysisRunner will not be running.
RoslynAnalysisRunner has terminated.
Mono: successfully reloaded assembly
- Completed reload, in  0.940 seconds
Platform modules already initialized, skipping
Refreshing native plugins compatible for Editor in 0.24 ms, found 0 plugins.
Preloading 0 native plugins for Editor in 0.00 ms.
Unloading 1157 Unused Serialized files (Serialized files now loaded: 0)
System memory in use before: 134.5 MB.
System memory in use after: 134.5 MB.

Unloading 5 unused Assets to reduce memory usage. Loaded Objects now: 1621.
Total: 2.782700 ms (FindLiveObjects: 0.150200 ms CreateObjectMapping: 0.048800 ms MarkObjects: 2.527900 ms  DeleteObjects: 0.053200 ms)

========================================================================
Received Import Request.
  Time since last request: 2316.766485 seconds.
  path: Assets/Prefabs/Big Wall.prefab
  artifactKey: Guid(6d8c8fdd21fb2f64f99fa2c8dda9e0a1) Importer(815301076,1909f56bfc062723c751e8b465ee728b)
Start importing Assets/Prefabs/Big Wall.prefab using Guid(6d8c8fdd21fb2f64f99fa2c8dda9e0a1) Importer(815301076,1909f56bfc062723c751e8b465ee728b)  -> (artifact id: '20c90de554eb7e579b5c5977ee325e05') in 0.098206 seconds
  Import took 0.143320 seconds .

========================================================================
Received Import Request.
  Time since last request: 0.000406 seconds.
  path: Assets/Prefabs/Ramp.prefab
  artifactKey: Guid(3b502085c7a93f54398adb052a0a8cfe) Importer(815301076,1909f56bfc062723c751e8b465ee728b)
Start importing Assets/Prefabs/Ramp.prefab using Guid(3b502085c7a93f54398adb052a0a8cfe) Importer(815301076,1909f56bfc062723c751e8b465ee728b)  -> (artifact id: '2e3d8e3383bfe5d15ea58ade4f517042') in 0.021984 seconds
  Import took 0.027452 seconds .

========================================================================
Received Import Request.
  Time since last request: 0.000370 seconds.
  path: Assets/Prefabs/Small Wall.prefab
  artifactKey: Guid(485c42a2bb048cd429af5acff5525186) Importer(815301076,1909f56bfc062723c751e8b465ee728b)
Start importing Assets/Prefabs/Small Wall.prefab using Guid(485c42a2bb048cd429af5acff5525186) Importer(815301076,1909f56bfc062723c751e8b465ee728b)  -> (artifact id: 'dccfa40b219764ad47b8de2f5f8ea13d') in 0.066146 seconds
  Import took 0.073146 seconds .

========================================================================
Received Prepare
Registering precompiled user dll's ...
Registered in 0.000734 seconds.
Begin MonoManager ReloadAssembly
Native extension for Lumin target not found
Native extension for LinuxStandalone target not found
Native extension for WindowsStandalone target not found
Native extension for OSXStandalone target not found
Native extension for WebGL target not found
Refreshing native plugins compatible for Editor in 0.24 ms, found 0 plugins.
Preloading 0 native plugins for Editor in 0.00 ms.
Invoked RoslynAnalysisRunner static constructor.
RoslynAnalysisRunner will not be running.
RoslynAnalysisRunner has terminated.
Mono: successfully reloaded assembly
- Completed reload, in  0.940 seconds
Platform modules already initialized, skipping
Refreshing native plugins compatible for Editor in 0.29 ms, found 0 plugins.
Preloading 0 native plugins for Editor in 0.00 ms.
Unloading 1157 Unused Serialized files (Serialized files now loaded: 0)
System memory in use before: 134.6 MB.
System memory in use after: 134.7 MB.

Unloading 5 unused Assets to reduce memory usage. Loaded Objects now: 1624.
Total: 2.133200 ms (FindLiveObjects: 0.161200 ms CreateObjectMapping: 0.052700 ms MarkObjects: 1.871200 ms  DeleteObjects: 0.046500 ms)

========================================================================
Received Prepare
Registering precompiled user dll's ...
Registered in 0.000740 seconds.
Begin MonoManager ReloadAssembly
Native extension for Lumin target not found
Native extension for LinuxStandalone target not found
Native extension for WindowsStandalone target not found
Native extension for OSXStandalone target not found
Native extension for WebGL target not found
Refreshing native plugins compatible for Editor in 0.28 ms, found 0 plugins.
Preloading 0 native plugins for Editor in 0.00 ms.
Invoked RoslynAnalysisRunner static constructor.
RoslynAnalysisRunner will not be running.
RoslynAnalysisRunner has terminated.
Mono: successfully reloaded assembly
- Completed reload, in  0.907 seconds
Platform modules already initialized, skipping
Refreshing native plugins compatible for Editor in 0.27 ms, found 0 plugins.
Preloading 0 native plugins for Editor in 0.00 ms.
Unloading 1157 Unused Serialized files (Serialized files now loaded: 0)
System memory in use before: 135.4 MB.
System memory in use after: 135.5 MB.

Unloading 5 unused Assets to reduce memory usage. Loaded Objects now: 1626.
Total: 1.903300 ms (FindLiveObjects: 0.187600 ms CreateObjectMapping: 0.065600 ms MarkObjects: 1.594900 ms  DeleteObjects: 0.052800 ms)

========================================================================
Received Prepare
Registering precompiled user dll's ...
Registered in 0.000726 seconds.
Begin MonoManager ReloadAssembly
Native extension for Lumin target not found
Native extension for LinuxStandalone target not found
Native extension for WindowsStandalone target not found
Native extension for OSXStandalone target not found
Native extension for WebGL target not found
Refreshing native plugins compatible for Editor in 0.26 ms, found 0 plugins.
Preloading 0 native plugins for Editor in 0.00 ms.
Invoked RoslynAnalysisRunner static constructor.
RoslynAnalysisRunner will not be running.
RoslynAnalysisRunner has terminated.
Mono: successfully reloaded assembly
- Completed reload, in  0.955 seconds
Platform modules already initialized, skipping
Refreshing native plugins compatible for Editor in 0.27 ms, found 0 plugins.
Preloading 0 native plugins for Editor in 0.00 ms.
Unloading 1157 Unused Serialized files (Serialized files now loaded: 0)
System memory in use before: 135.6 MB.
System memory in use after: 135.7 MB.

Unloading 5 unused Assets to reduce memory usage. Loaded Objects now: 1628.
Total: 1.839300 ms (FindLiveObjects: 0.182100 ms CreateObjectMapping: 0.069000 ms MarkObjects: 1.527000 ms  DeleteObjects: 0.059400 ms)

========================================================================
Received Prepare
Registering precompiled user dll's ...
Registered in 0.001150 seconds.
Begin MonoManager ReloadAssembly
Native extension for Lumin target not found
Native extension for LinuxStandalone target not found
Native extension for WindowsStandalone target not found
Native extension for OSXStandalone target not found
Native extension for WebGL target not found
Refreshing native plugins compatible for Editor in 0.30 ms, found 0 plugins.
Preloading 0 native plugins for Editor in 0.00 ms.
Invoked RoslynAnalysisRunner static constructor.
RoslynAnalysisRunner will not be running.
RoslynAnalysisRunner has terminated.
Mono: successfully reloaded assembly
- Completed reload, in  1.115 seconds
Platform modules already initialized, skipping
Refreshing native plugins compatible for Editor in 0.31 ms, found 0 plugins.
Preloading 0 native plugins for Editor in 0.00 ms.
Unloading 1157 Unused Serialized files (Serialized files now loaded: 0)
System memory in use before: 135.4 MB.
System memory in use after: 135.4 MB.

Unloading 5 unused Assets to reduce memory usage. Loaded Objects now: 1630.
Total: 3.178000 ms (FindLiveObjects: 0.347600 ms CreateObjectMapping: 0.095200 ms MarkObjects: 2.674100 ms  DeleteObjects: 0.058800 ms)

========================================================================
Received Prepare
Registering precompiled user dll's ...
Registered in 0.001868 seconds.
Begin MonoManager ReloadAssembly
Native extension for Lumin target not found
Native extension for LinuxStandalone target not found
Native extension for WindowsStandalone target not found
Native extension for OSXStandalone target not found
Native extension for WebGL target not found
Refreshing native plugins compatible for Editor in 0.28 ms, found 0 plugins.
Preloading 0 native plugins for Editor in 0.00 ms.
Invoked RoslynAnalysisRunner static constructor.
RoslynAnalysisRunner will not be running.
RoslynAnalysisRunner has terminated.
Mono: successfully reloaded assembly
- Completed reload, in  0.945 seconds
Platform modules already initialized, skipping
Refreshing native plugins compatible for Editor in 0.25 ms, found 0 plugins.
Preloading 0 native plugins for Editor in 0.00 ms.
Unloading 1157 Unused Serialized files (Serialized files now loaded: 0)
System memory in use before: 135.6 MB.
System memory in use after: 135.7 MB.

Unloading 5 unused Assets to reduce memory usage. Loaded Objects now: 1632.
Total: 2.597800 ms (FindLiveObjects: 0.185700 ms CreateObjectMapping: 0.049500 ms MarkObjects: 2.299400 ms  DeleteObjects: 0.061800 ms)

========================================================================
Received Import Request.
  Time since last request: 878.061957 seconds.
  path: Assets/_Scenes/Level 2.unity
  artifactKey: Guid(ad53341770385d44e810157845f92d96) Importer(815301076,1909f56bfc062723c751e8b465ee728b)
Start importing Assets/_Scenes/Level 2.unity using Guid(ad53341770385d44e810157845f92d96) Importer(815301076,1909f56bfc062723c751e8b465ee728b)  -> (artifact id: '0595358bf3442d06ac7319deff580a42') in 0.023046 seconds
  Import took 0.071213 seconds .

AssetImportWorkerClient::OnTransportError - code=2 error=End of file
